<?xml version="1.0" encoding="UTF-8"?>
<testng-results skipped="0" failed="0" ignored="0" total="2" passed="2">
  <reporter-output>
  </reporter-output>
  <suite name="Default suite" duration-ms="8900" started-at="2021-05-20T10:53:20Z" finished-at="2021-05-20T10:53:29Z">
    <groups>
    </groups>
    <test name="Default test" duration-ms="8900" started-at="2021-05-20T10:53:20Z" finished-at="2021-05-20T10:53:29Z">
      <class name="com.products.newClass1">
        <test-method status="PASS" signature="test()[pri:0, instance:com.products.newClass1@39c0f4a]" name="test" duration-ms="6701" started-at="2021-05-20T10:53:20Z" finished-at="2021-05-20T10:53:27Z">
          <reporter-output>
          </reporter-output>
        </test-method> <!-- test -->
        <test-method status="PASS" signature="test1()[pri:0, instance:com.products.newClass1@39c0f4a]" name="test1" duration-ms="2069" started-at="2021-05-20T10:53:27Z" finished-at="2021-05-20T10:53:29Z">
          <reporter-output>
          </reporter-output>
        </test-method> <!-- test1 -->
      </class> <!-- com.products.newClass1 -->
    </test> <!-- Default test -->
  </suite> <!-- Default suite -->
</testng-results>
